[g8.hpc.coe] Poller started with PID 3266262
[INFO] hw_counters available: ['lifespan', 'rq_num_dup', 'rq_num_lle', 'rq_num_lpe', 'rq_num_lqpoe', 'rq_num_oos', 'rq_num_rae', 'rq_num_rire', 'rq_num_rnr', 'rq_num_wrfe', 'sq_num_bre', 'sq_num_lle', 'sq_num_lpe', 'sq_num_lqpoe', 'sq_num_mwbe', 'sq_num_oos', 'sq_num_rae', 'sq_num_rire', 'sq_num_rnr', 'sq_num_roe', 'sq_num_rree', 'sq_num_to', 'sq_num_tree', 'sq_num_wrfe']
[INFO] Writing telemetry to /home/018291533/lens_poc/results/33203/telemetry_g8.hpc.coe_33203.csv
[INFO] Poller v2 started on g8.hpc.coe | IB=mlx4_0:1 | interval=0.5s | counters=17 IB + 4 HW
[rank 0/3] Initializing DDP on g8:29500
[rank 0] Using device: cuda:0
[rank 0] Starting training loop (batch=16, epochs=999)
[rank 0] epoch=  10  step=   10  loss=6.8650  step_time=158.6ms  elapsed=1.6s
[rank 0] epoch=  20  step=   20  loss=6.9252  step_time=106.2ms  elapsed=2.1s
[rank 0] epoch=  30  step=   30  loss=7.0315  step_time=101.7ms  elapsed=3.1s
[rank 0] epoch=  40  step=   40  loss=6.9281  step_time=99.4ms  elapsed=4.0s
[rank 0] epoch=  50  step=   50  loss=6.9823  step_time=98.1ms  elapsed=4.9s
[rank 0] epoch=  60  step=   60  loss=6.9853  step_time=97.2ms  elapsed=5.8s
[rank 0] epoch=  70  step=   70  loss=7.0038  step_time=96.5ms  elapsed=6.8s
[rank 0] epoch=  80  step=   80  loss=7.1157  step_time=96.0ms  elapsed=7.7s
[rank 0] epoch=  90  step=   90  loss=6.9993  step_time=95.7ms  elapsed=8.6s
[rank 0] epoch= 100  step=  100  loss=6.9983  step_time=95.4ms  elapsed=9.5s
[rank 0] epoch= 110  step=  110  loss=7.0891  step_time=95.1ms  elapsed=10.5s
[rank 0] epoch= 120  step=  120  loss=6.8540  step_time=94.9ms  elapsed=11.4s
[rank 0] epoch= 130  step=  130  loss=7.0030  step_time=94.7ms  elapsed=12.3s
[rank 0] epoch= 140  step=  140  loss=6.9099  step_time=94.6ms  elapsed=13.2s
[rank 0] epoch= 150  step=  150  loss=6.9558  step_time=94.5ms  elapsed=14.2s
[rank 0] epoch= 160  step=  160  loss=7.0359  step_time=94.3ms  elapsed=15.1s
[rank 0] epoch= 170  step=  170  loss=6.9140  step_time=94.2ms  elapsed=16.0s
[rank 0] epoch= 180  step=  180  loss=7.0285  step_time=94.2ms  elapsed=16.9s
[rank 0] epoch= 190  step=  190  loss=7.0070  step_time=94.1ms  elapsed=17.9s
[rank 0] epoch= 200  step=  200  loss=6.9908  step_time=94.0ms  elapsed=18.8s
[rank 0] epoch= 210  step=  210  loss=6.9101  step_time=93.9ms  elapsed=19.7s
[rank 0] epoch= 220  step=  220  loss=6.9442  step_time=93.9ms  elapsed=20.7s
[rank 0] epoch= 230  step=  230  loss=6.9455  step_time=93.8ms  elapsed=21.6s
[rank 0] epoch= 240  step=  240  loss=6.9005  step_time=93.8ms  elapsed=22.5s
[rank 0] epoch= 250  step=  250  loss=6.9076  step_time=93.7ms  elapsed=23.4s
[rank 0] epoch= 260  step=  260  loss=6.8981  step_time=93.7ms  elapsed=24.4s
[rank 0] epoch= 270  step=  270  loss=6.8578  step_time=93.7ms  elapsed=25.3s
[rank 0] epoch= 280  step=  280  loss=6.9587  step_time=93.6ms  elapsed=26.2s
[rank 0] epoch= 290  step=  290  loss=7.0491  step_time=93.6ms  elapsed=27.1s
[rank 0] epoch= 300  step=  300  loss=6.9557  step_time=93.6ms  elapsed=28.1s
[rank 0] epoch= 310  step=  310  loss=6.8755  step_time=93.5ms  elapsed=29.0s
[rank 0] epoch= 320  step=  320  loss=6.9293  step_time=93.5ms  elapsed=29.9s
[rank 0] epoch= 330  step=  330  loss=6.9642  step_time=93.5ms  elapsed=30.8s
[rank 0] epoch= 340  step=  340  loss=7.1335  step_time=93.4ms  elapsed=31.8s
[rank 0] epoch= 350  step=  350  loss=6.8911  step_time=93.4ms  elapsed=32.7s
[rank 0] epoch= 360  step=  360  loss=6.9741  step_time=93.4ms  elapsed=33.6s
[rank 0] epoch= 370  step=  370  loss=6.8611  step_time=93.4ms  elapsed=34.5s
[rank 0] epoch= 380  step=  380  loss=6.8880  step_time=93.4ms  elapsed=35.5s
[rank 0] epoch= 390  step=  390  loss=6.9148  step_time=93.3ms  elapsed=36.4s
[rank 0] epoch= 400  step=  400  loss=6.9187  step_time=93.3ms  elapsed=37.3s
[rank 0] epoch= 410  step=  410  loss=6.9738  step_time=93.3ms  elapsed=38.3s
[rank 0] epoch= 420  step=  420  loss=6.8788  step_time=93.3ms  elapsed=39.2s
[rank 0] epoch= 430  step=  430  loss=7.0711  step_time=93.3ms  elapsed=40.1s
[rank 0] epoch= 440  step=  440  loss=6.9092  step_time=93.3ms  elapsed=41.0s
[rank 0] epoch= 450  step=  450  loss=6.8738  step_time=93.2ms  elapsed=42.0s
[rank 0] epoch= 460  step=  460  loss=6.9583  step_time=93.2ms  elapsed=42.9s
[rank 0] epoch= 470  step=  470  loss=6.8863  step_time=93.2ms  elapsed=43.8s
[rank 0] epoch= 480  step=  480  loss=6.9329  step_time=93.2ms  elapsed=44.7s
[rank 0] epoch= 490  step=  490  loss=6.8612  step_time=93.2ms  elapsed=45.7s
[rank 0] epoch= 500  step=  500  loss=6.8859  step_time=93.2ms  elapsed=46.6s
[rank 0] epoch= 510  step=  510  loss=6.9365  step_time=93.2ms  elapsed=47.5s
[rank 0] epoch= 520  step=  520  loss=6.9503  step_time=93.2ms  elapsed=48.4s
[rank 0] epoch= 530  step=  530  loss=6.9519  step_time=93.2ms  elapsed=49.4s
[rank 0] epoch= 540  step=  540  loss=6.9102  step_time=93.1ms  elapsed=50.3s
[rank 0] epoch= 550  step=  550  loss=6.9208  step_time=93.1ms  elapsed=51.2s
[rank 0] epoch= 560  step=  560  loss=6.9698  step_time=93.1ms  elapsed=52.1s
[rank 0] epoch= 570  step=  570  loss=6.8897  step_time=93.1ms  elapsed=53.1s
[rank 0] epoch= 580  step=  580  loss=6.9296  step_time=93.1ms  elapsed=54.0s
[rank 0] epoch= 590  step=  590  loss=6.8980  step_time=93.1ms  elapsed=54.9s
[rank 0] epoch= 600  step=  600  loss=6.9475  step_time=93.1ms  elapsed=55.9s
[rank 0] epoch= 610  step=  610  loss=6.9309  step_time=93.1ms  elapsed=56.8s
[rank 0] epoch= 620  step=  620  loss=6.9363  step_time=93.1ms  elapsed=57.7s
[rank 0] epoch= 630  step=  630  loss=6.9367  step_time=93.1ms  elapsed=58.6s
[rank 0] epoch= 640  step=  640  loss=6.8558  step_time=93.1ms  elapsed=59.6s
[rank 0] epoch= 650  step=  650  loss=6.8912  step_time=93.1ms  elapsed=60.5s
[rank 0] epoch= 660  step=  660  loss=6.9249  step_time=93.1ms  elapsed=61.4s
[rank 0] epoch= 670  step=  670  loss=6.9153  step_time=93.0ms  elapsed=62.3s
[rank 0] epoch= 680  step=  680  loss=6.9366  step_time=93.0ms  elapsed=63.3s
[rank 0] epoch= 690  step=  690  loss=6.9514  step_time=93.0ms  elapsed=64.2s
[rank 0] epoch= 700  step=  700  loss=6.8908  step_time=93.0ms  elapsed=65.1s
[rank 0] epoch= 710  step=  710  loss=6.9748  step_time=93.0ms  elapsed=66.0s
[rank 0] epoch= 720  step=  720  loss=6.9858  step_time=93.0ms  elapsed=67.0s
[rank 0] epoch= 730  step=  730  loss=6.9224  step_time=93.0ms  elapsed=67.9s
[rank 0] epoch= 740  step=  740  loss=6.9532  step_time=93.0ms  elapsed=68.8s
[rank 0] epoch= 750  step=  750  loss=6.9572  step_time=93.0ms  elapsed=69.8s
[rank 0] epoch= 760  step=  760  loss=6.8767  step_time=93.0ms  elapsed=70.7s
[rank 0] epoch= 770  step=  770  loss=6.8758  step_time=93.0ms  elapsed=71.6s
[rank 0] epoch= 780  step=  780  loss=6.8924  step_time=93.0ms  elapsed=72.5s
[rank 0] epoch= 790  step=  790  loss=6.8795  step_time=93.0ms  elapsed=73.5s
[rank 0] epoch= 800  step=  800  loss=6.9105  step_time=93.0ms  elapsed=74.4s
[rank 0] epoch= 810  step=  810  loss=6.9186  step_time=93.0ms  elapsed=75.3s
[rank 0] epoch= 820  step=  820  loss=6.9270  step_time=93.0ms  elapsed=76.2s
[rank 0] epoch= 830  step=  830  loss=6.9015  step_time=93.0ms  elapsed=77.2s
[rank 0] epoch= 840  step=  840  loss=6.9293  step_time=93.0ms  elapsed=78.1s
[rank 0] epoch= 850  step=  850  loss=6.9789  step_time=93.0ms  elapsed=79.0s
[rank 0] epoch= 860  step=  860  loss=6.8895  step_time=93.0ms  elapsed=79.9s
[rank 0] epoch= 870  step=  870  loss=6.9387  step_time=93.0ms  elapsed=80.9s
[rank 0] epoch= 880  step=  880  loss=6.8663  step_time=92.9ms  elapsed=81.8s
[rank 0] epoch= 890  step=  890  loss=6.9433  step_time=92.9ms  elapsed=82.7s
[rank 0] epoch= 900  step=  900  loss=6.8781  step_time=92.9ms  elapsed=83.6s
[rank 0] epoch= 910  step=  910  loss=6.8945  step_time=92.9ms  elapsed=84.6s
[rank 0] epoch= 920  step=  920  loss=6.9747  step_time=92.9ms  elapsed=85.5s
[rank 0] epoch= 930  step=  930  loss=6.9177  step_time=92.9ms  elapsed=86.4s
[rank 0] epoch= 940  step=  940  loss=6.9343  step_time=92.9ms  elapsed=87.4s
[rank 0] epoch= 950  step=  950  loss=6.9117  step_time=92.9ms  elapsed=88.3s
[rank 0] epoch= 960  step=  960  loss=6.9113  step_time=92.9ms  elapsed=89.2s
[rank 0] epoch= 970  step=  970  loss=6.8628  step_time=92.9ms  elapsed=90.1s
[rank 0] epoch= 980  step=  980  loss=6.9653  step_time=92.9ms  elapsed=91.1s
[rank 0] epoch= 990  step=  990  loss=6.9312  step_time=92.9ms  elapsed=92.0s
[rank 0] Training complete. Total steps: 999  Time: 92.8s
[g8.hpc.coe] Done.
