[g4.hpc.coe] Poller started with PID 161994
[INFO] hw_counters available: ['lifespan', 'rq_num_dup', 'rq_num_lle', 'rq_num_lpe', 'rq_num_lqpoe', 'rq_num_oos', 'rq_num_rae', 'rq_num_rire', 'rq_num_rnr', 'rq_num_wrfe', 'sq_num_bre', 'sq_num_lle', 'sq_num_lpe', 'sq_num_lqpoe', 'sq_num_mwbe', 'sq_num_oos', 'sq_num_rae', 'sq_num_rire', 'sq_num_rnr', 'sq_num_roe', 'sq_num_rree', 'sq_num_to', 'sq_num_tree', 'sq_num_wrfe']
[INFO] Writing telemetry to /home/018291533/lens_poc/results/30052/telemetry_g4.hpc.coe_30052.csv
[INFO] Poller v2 started on g4.hpc.coe | IB=mlx4_0:1 | interval=0.5s | counters=17 IB + 4 HW
[rank 0/3] Initializing DDP on g4:29500
[rank 0] Using device: cuda:0
[rank 0] Starting training loop (batch=16, epochs=999)
[rank 0] epoch=  10  step=   10  loss=6.8425  step_time=107.5ms  elapsed=1.1s
[rank 0] epoch=  20  step=   20  loss=6.9195  step_time=80.8ms  elapsed=1.6s
[rank 0] epoch=  30  step=   30  loss=6.8853  step_time=84.8ms  elapsed=2.5s
[rank 0] epoch=  40  step=   40  loss=6.8520  step_time=86.8ms  elapsed=3.5s
[rank 0] epoch=  50  step=   50  loss=6.8648  step_time=88.0ms  elapsed=4.4s
[rank 0] epoch=  60  step=   60  loss=6.9521  step_time=88.8ms  elapsed=5.3s
[rank 0] epoch=  70  step=   70  loss=6.9484  step_time=89.4ms  elapsed=6.3s
[rank 0] epoch=  80  step=   80  loss=6.9072  step_time=89.8ms  elapsed=7.2s
[rank 0] epoch=  90  step=   90  loss=6.9893  step_time=90.1ms  elapsed=8.1s
[rank 0] epoch= 100  step=  100  loss=6.9715  step_time=90.4ms  elapsed=9.0s
[rank 0] epoch= 110  step=  110  loss=7.0664  step_time=90.6ms  elapsed=10.0s
[rank 0] epoch= 120  step=  120  loss=6.8865  step_time=90.8ms  elapsed=10.9s
[rank 0] epoch= 130  step=  130  loss=6.8697  step_time=91.0ms  elapsed=11.8s
[rank 0] epoch= 140  step=  140  loss=6.9659  step_time=91.1ms  elapsed=12.8s
[rank 0] epoch= 150  step=  150  loss=6.8343  step_time=91.2ms  elapsed=13.7s
[rank 0] epoch= 160  step=  160  loss=6.9574  step_time=91.3ms  elapsed=14.6s
[rank 0] epoch= 170  step=  170  loss=7.0894  step_time=91.4ms  elapsed=15.5s
[rank 0] epoch= 180  step=  180  loss=6.9939  step_time=91.5ms  elapsed=16.5s
[rank 0] epoch= 190  step=  190  loss=6.8316  step_time=91.5ms  elapsed=17.4s
[rank 0] epoch= 200  step=  200  loss=7.0487  step_time=91.6ms  elapsed=18.3s
[rank 0] epoch= 210  step=  210  loss=6.9581  step_time=91.7ms  elapsed=19.2s
[rank 0] epoch= 220  step=  220  loss=6.9620  step_time=91.7ms  elapsed=20.2s
[rank 0] epoch= 230  step=  230  loss=7.0043  step_time=91.8ms  elapsed=21.1s
[rank 0] epoch= 240  step=  240  loss=6.9347  step_time=91.8ms  elapsed=22.0s
[rank 0] epoch= 250  step=  250  loss=6.9329  step_time=91.8ms  elapsed=23.0s
[rank 0] epoch= 260  step=  260  loss=6.9073  step_time=91.9ms  elapsed=23.9s
[rank 0] epoch= 270  step=  270  loss=6.8620  step_time=91.9ms  elapsed=24.8s
[rank 0] epoch= 280  step=  280  loss=6.9024  step_time=92.0ms  elapsed=25.7s
[rank 0] epoch= 290  step=  290  loss=6.8929  step_time=92.0ms  elapsed=26.7s
[rank 0] epoch= 300  step=  300  loss=6.8809  step_time=92.0ms  elapsed=27.6s
[rank 0] epoch= 310  step=  310  loss=6.9229  step_time=92.0ms  elapsed=28.5s
[rank 0] epoch= 320  step=  320  loss=6.8856  step_time=92.1ms  elapsed=29.5s
[rank 0] epoch= 330  step=  330  loss=6.9795  step_time=92.1ms  elapsed=30.4s
[rank 0] epoch= 340  step=  340  loss=6.8831  step_time=92.1ms  elapsed=31.3s
[rank 0] epoch= 350  step=  350  loss=6.9342  step_time=92.1ms  elapsed=32.2s
[rank 0] epoch= 360  step=  360  loss=6.9366  step_time=92.1ms  elapsed=33.2s
[rank 0] epoch= 370  step=  370  loss=6.8848  step_time=92.2ms  elapsed=34.1s
[rank 0] epoch= 380  step=  380  loss=6.9289  step_time=92.2ms  elapsed=35.0s
[rank 0] epoch= 390  step=  390  loss=6.8708  step_time=92.2ms  elapsed=36.0s
[rank 0] epoch= 400  step=  400  loss=6.8886  step_time=92.2ms  elapsed=36.9s
[rank 0] epoch= 410  step=  410  loss=6.9454  step_time=92.2ms  elapsed=37.8s
[rank 0] epoch= 420  step=  420  loss=6.9650  step_time=92.2ms  elapsed=38.7s
[rank 0] epoch= 430  step=  430  loss=6.9072  step_time=92.3ms  elapsed=39.7s
[rank 0] epoch= 440  step=  440  loss=6.8926  step_time=92.3ms  elapsed=40.6s
[rank 0] epoch= 450  step=  450  loss=6.9515  step_time=92.3ms  elapsed=41.5s
[rank 0] epoch= 460  step=  460  loss=6.9642  step_time=92.3ms  elapsed=42.5s
[rank 0] epoch= 470  step=  470  loss=6.9047  step_time=92.3ms  elapsed=43.4s
[rank 0] epoch= 480  step=  480  loss=6.8780  step_time=92.3ms  elapsed=44.3s
[rank 0] epoch= 490  step=  490  loss=6.9329  step_time=92.3ms  elapsed=45.2s
[rank 0] epoch= 500  step=  500  loss=6.9844  step_time=92.3ms  elapsed=46.2s
[rank 0] epoch= 510  step=  510  loss=6.9275  step_time=92.3ms  elapsed=47.1s
[rank 0] epoch= 520  step=  520  loss=6.8777  step_time=92.3ms  elapsed=48.0s
[rank 0] epoch= 530  step=  530  loss=6.9437  step_time=92.4ms  elapsed=48.9s
[rank 0] epoch= 540  step=  540  loss=6.8864  step_time=92.4ms  elapsed=49.9s
[rank 0] epoch= 550  step=  550  loss=6.8944  step_time=92.4ms  elapsed=50.8s
[rank 0] epoch= 560  step=  560  loss=6.8825  step_time=92.4ms  elapsed=51.7s
[rank 0] epoch= 570  step=  570  loss=6.8951  step_time=92.4ms  elapsed=52.7s
[rank 0] epoch= 580  step=  580  loss=6.9593  step_time=92.4ms  elapsed=53.6s
[rank 0] epoch= 590  step=  590  loss=6.9138  step_time=92.4ms  elapsed=54.5s
[rank 0] epoch= 600  step=  600  loss=6.9105  step_time=92.4ms  elapsed=55.4s
[rank 0] epoch= 610  step=  610  loss=6.9428  step_time=92.4ms  elapsed=56.4s
[rank 0] epoch= 620  step=  620  loss=6.8902  step_time=92.4ms  elapsed=57.3s
[rank 0] epoch= 630  step=  630  loss=6.8726  step_time=92.4ms  elapsed=58.2s
[rank 0] epoch= 640  step=  640  loss=6.9613  step_time=92.4ms  elapsed=59.2s
[rank 0] epoch= 650  step=  650  loss=6.9001  step_time=92.4ms  elapsed=60.1s
[rank 0] epoch= 660  step=  660  loss=6.8779  step_time=92.4ms  elapsed=61.0s
[rank 0] epoch= 670  step=  670  loss=6.9165  step_time=92.5ms  elapsed=61.9s
[rank 0] epoch= 680  step=  680  loss=6.9134  step_time=92.5ms  elapsed=62.9s
[rank 0] epoch= 690  step=  690  loss=6.8934  step_time=92.5ms  elapsed=63.8s
[rank 0] epoch= 700  step=  700  loss=6.9072  step_time=92.5ms  elapsed=64.7s
[rank 0] epoch= 710  step=  710  loss=6.8587  step_time=92.5ms  elapsed=65.7s
[rank 0] epoch= 720  step=  720  loss=6.8684  step_time=92.5ms  elapsed=66.6s
[rank 0] epoch= 730  step=  730  loss=6.8797  step_time=92.5ms  elapsed=67.5s
[rank 0] epoch= 740  step=  740  loss=6.9740  step_time=92.5ms  elapsed=68.4s
[rank 0] epoch= 750  step=  750  loss=6.9092  step_time=92.5ms  elapsed=69.4s
[rank 0] epoch= 760  step=  760  loss=6.8998  step_time=92.5ms  elapsed=70.3s
[rank 0] epoch= 770  step=  770  loss=6.9813  step_time=92.5ms  elapsed=71.2s
[rank 0] epoch= 780  step=  780  loss=6.8844  step_time=92.5ms  elapsed=72.2s
[rank 0] epoch= 790  step=  790  loss=6.9245  step_time=92.5ms  elapsed=73.1s
[rank 0] epoch= 800  step=  800  loss=6.9746  step_time=92.5ms  elapsed=74.0s
[rank 0] epoch= 810  step=  810  loss=6.8958  step_time=92.5ms  elapsed=74.9s
[rank 0] epoch= 820  step=  820  loss=6.9470  step_time=92.5ms  elapsed=75.9s
[rank 0] epoch= 830  step=  830  loss=6.9610  step_time=92.5ms  elapsed=76.8s
[rank 0] epoch= 840  step=  840  loss=6.9410  step_time=92.5ms  elapsed=77.7s
[rank 0] epoch= 850  step=  850  loss=6.9319  step_time=92.5ms  elapsed=78.6s
[rank 0] epoch= 860  step=  860  loss=6.8615  step_time=92.5ms  elapsed=79.6s
[rank 0] epoch= 870  step=  870  loss=6.9092  step_time=92.5ms  elapsed=80.5s
[rank 0] epoch= 880  step=  880  loss=6.8955  step_time=92.5ms  elapsed=81.4s
[rank 0] epoch= 890  step=  890  loss=6.9052  step_time=92.5ms  elapsed=82.4s
[rank 0] epoch= 900  step=  900  loss=6.8988  step_time=92.5ms  elapsed=83.3s
[rank 0] epoch= 910  step=  910  loss=6.8948  step_time=92.5ms  elapsed=84.2s
[rank 0] epoch= 920  step=  920  loss=6.8789  step_time=92.5ms  elapsed=85.1s
[rank 0] epoch= 930  step=  930  loss=6.9245  step_time=92.6ms  elapsed=86.1s
[rank 0] epoch= 940  step=  940  loss=6.9191  step_time=92.6ms  elapsed=87.0s
[rank 0] epoch= 950  step=  950  loss=6.9053  step_time=92.6ms  elapsed=87.9s
[rank 0] epoch= 960  step=  960  loss=6.9004  step_time=92.6ms  elapsed=88.9s
[rank 0] epoch= 970  step=  970  loss=6.9401  step_time=92.6ms  elapsed=89.8s
[rank 0] epoch= 980  step=  980  loss=6.9175  step_time=92.6ms  elapsed=90.7s
[rank 0] epoch= 990  step=  990  loss=6.8776  step_time=92.6ms  elapsed=91.6s
[rank 0] Training complete. Total steps: 999  Time: 92.5s
[g4.hpc.coe] Done.
