[g8.hpc.coe] Poller started with PID 3266093
python3: can't open file '/home/018291533/lens_poc/telemetry_poller.py': [Errno 2] No such file or directory
[rank 0/3] Initializing DDP on g8:29500
[rank 0] Using device: cuda:0
[rank 0] Starting training loop (batch=16, epochs=999)
[rank 0] epoch=  10  step=   10  loss=6.8802  step_time=432.3ms  elapsed=4.3s
[rank 0] epoch=  20  step=   20  loss=6.9290  step_time=243.1ms  elapsed=4.9s
[rank 0] epoch=  30  step=   30  loss=7.0969  step_time=193.0ms  elapsed=5.8s
[rank 0] epoch=  40  step=   40  loss=6.8674  step_time=168.0ms  elapsed=6.7s
[rank 0] epoch=  50  step=   50  loss=6.9899  step_time=152.9ms  elapsed=7.6s
[rank 0] epoch=  60  step=   60  loss=7.0057  step_time=142.9ms  elapsed=8.6s
[rank 0] epoch=  70  step=   70  loss=6.9264  step_time=135.7ms  elapsed=9.5s
[rank 0] epoch=  80  step=   80  loss=7.1136  step_time=130.3ms  elapsed=10.4s
[rank 0] epoch=  90  step=   90  loss=6.9697  step_time=126.1ms  elapsed=11.4s
[rank 0] epoch= 100  step=  100  loss=7.0360  step_time=122.8ms  elapsed=12.3s
[rank 0] epoch= 110  step=  110  loss=6.9040  step_time=120.0ms  elapsed=13.2s
[rank 0] epoch= 120  step=  120  loss=6.9628  step_time=117.8ms  elapsed=14.1s
[rank 0] epoch= 130  step=  130  loss=7.0174  step_time=115.8ms  elapsed=15.1s
[rank 0] epoch= 140  step=  140  loss=7.0430  step_time=114.2ms  elapsed=16.0s
[rank 0] epoch= 150  step=  150  loss=6.8690  step_time=112.7ms  elapsed=16.9s
[rank 0] epoch= 160  step=  160  loss=6.8381  step_time=111.5ms  elapsed=17.8s
[rank 0] epoch= 170  step=  170  loss=6.9685  step_time=110.4ms  elapsed=18.8s
[rank 0] epoch= 180  step=  180  loss=6.8792  step_time=109.4ms  elapsed=19.7s
[rank 0] epoch= 190  step=  190  loss=6.8064  step_time=108.5ms  elapsed=20.6s
[rank 0] epoch= 200  step=  200  loss=6.9093  step_time=107.7ms  elapsed=21.5s
[rank 0] epoch= 210  step=  210  loss=6.9009  step_time=107.0ms  elapsed=22.5s
[rank 0] epoch= 220  step=  220  loss=7.0005  step_time=106.3ms  elapsed=23.4s
[rank 0] epoch= 230  step=  230  loss=6.8581  step_time=105.7ms  elapsed=24.3s
[rank 0] epoch= 240  step=  240  loss=6.9553  step_time=105.2ms  elapsed=25.2s
[rank 0] epoch= 250  step=  250  loss=6.9049  step_time=104.7ms  elapsed=26.2s
[rank 0] epoch= 260  step=  260  loss=6.7809  step_time=104.2ms  elapsed=27.1s
[rank 0] epoch= 270  step=  270  loss=6.9504  step_time=103.8ms  elapsed=28.0s
[rank 0] epoch= 280  step=  280  loss=6.8671  step_time=103.4ms  elapsed=28.9s
[rank 0] epoch= 290  step=  290  loss=7.0058  step_time=103.0ms  elapsed=29.9s
[rank 0] epoch= 300  step=  300  loss=6.8839  step_time=102.7ms  elapsed=30.8s
[rank 0] epoch= 310  step=  310  loss=6.8671  step_time=102.3ms  elapsed=31.7s
[rank 0] epoch= 320  step=  320  loss=6.9801  step_time=102.0ms  elapsed=32.7s
[rank 0] epoch= 330  step=  330  loss=6.9021  step_time=101.8ms  elapsed=33.6s
[rank 0] epoch= 340  step=  340  loss=6.8650  step_time=101.5ms  elapsed=34.5s
[rank 0] epoch= 350  step=  350  loss=7.0840  step_time=101.2ms  elapsed=35.4s
[rank 0] epoch= 360  step=  360  loss=6.9548  step_time=101.0ms  elapsed=36.4s
[rank 0] epoch= 370  step=  370  loss=7.0421  step_time=100.8ms  elapsed=37.3s
[rank 0] epoch= 380  step=  380  loss=6.9768  step_time=100.6ms  elapsed=38.2s
[rank 0] epoch= 390  step=  390  loss=6.9189  step_time=100.3ms  elapsed=39.1s
[rank 0] epoch= 400  step=  400  loss=7.0449  step_time=100.2ms  elapsed=40.1s
[rank 0] epoch= 410  step=  410  loss=6.9307  step_time=100.0ms  elapsed=41.0s
[rank 0] epoch= 420  step=  420  loss=6.9790  step_time=99.8ms  elapsed=41.9s
[rank 0] epoch= 430  step=  430  loss=6.9247  step_time=99.6ms  elapsed=42.8s
[rank 0] epoch= 440  step=  440  loss=6.9921  step_time=99.5ms  elapsed=43.8s
[rank 0] epoch= 450  step=  450  loss=7.0118  step_time=99.3ms  elapsed=44.7s
[rank 0] epoch= 460  step=  460  loss=6.8679  step_time=99.2ms  elapsed=45.6s
[rank 0] epoch= 470  step=  470  loss=6.9983  step_time=99.0ms  elapsed=46.5s
[rank 0] epoch= 480  step=  480  loss=6.9000  step_time=98.9ms  elapsed=47.5s
[rank 0] epoch= 490  step=  490  loss=6.8667  step_time=98.8ms  elapsed=48.4s
[rank 0] epoch= 500  step=  500  loss=6.9481  step_time=98.7ms  elapsed=49.3s
[rank 0] epoch= 510  step=  510  loss=6.8475  step_time=98.5ms  elapsed=50.3s
[rank 0] epoch= 520  step=  520  loss=6.9625  step_time=98.4ms  elapsed=51.2s
[rank 0] epoch= 530  step=  530  loss=6.9041  step_time=98.3ms  elapsed=52.1s
[rank 0] epoch= 540  step=  540  loss=6.8972  step_time=98.2ms  elapsed=53.0s
[rank 0] epoch= 550  step=  550  loss=6.9554  step_time=98.1ms  elapsed=54.0s
[rank 0] epoch= 560  step=  560  loss=6.9218  step_time=98.0ms  elapsed=54.9s
[rank 0] epoch= 570  step=  570  loss=6.9182  step_time=97.9ms  elapsed=55.8s
[rank 0] epoch= 580  step=  580  loss=6.9344  step_time=97.8ms  elapsed=56.7s
[rank 0] epoch= 590  step=  590  loss=6.9177  step_time=97.7ms  elapsed=57.7s
[rank 0] epoch= 600  step=  600  loss=6.8602  step_time=97.6ms  elapsed=58.6s
[rank 0] epoch= 610  step=  610  loss=6.9129  step_time=97.6ms  elapsed=59.5s
[rank 0] epoch= 620  step=  620  loss=6.8656  step_time=97.5ms  elapsed=60.4s
[rank 0] epoch= 630  step=  630  loss=6.9398  step_time=97.4ms  elapsed=61.4s
[rank 0] epoch= 640  step=  640  loss=6.8869  step_time=97.3ms  elapsed=62.3s
[rank 0] epoch= 650  step=  650  loss=6.9589  step_time=97.3ms  elapsed=63.2s
[rank 0] epoch= 660  step=  660  loss=6.9129  step_time=97.2ms  elapsed=64.1s
[rank 0] epoch= 670  step=  670  loss=6.8746  step_time=97.1ms  elapsed=65.1s
[rank 0] epoch= 680  step=  680  loss=6.9324  step_time=97.1ms  elapsed=66.0s
[rank 0] epoch= 690  step=  690  loss=6.8650  step_time=97.0ms  elapsed=66.9s
[rank 0] epoch= 700  step=  700  loss=6.9482  step_time=96.9ms  elapsed=67.8s
[rank 0] epoch= 710  step=  710  loss=6.8498  step_time=96.9ms  elapsed=68.8s
[rank 0] epoch= 720  step=  720  loss=6.9012  step_time=96.8ms  elapsed=69.7s
[rank 0] epoch= 730  step=  730  loss=6.8686  step_time=96.7ms  elapsed=70.6s
[rank 0] epoch= 740  step=  740  loss=6.8752  step_time=96.7ms  elapsed=71.6s
[rank 0] epoch= 750  step=  750  loss=6.9488  step_time=96.6ms  elapsed=72.5s
[rank 0] epoch= 760  step=  760  loss=6.9445  step_time=96.6ms  elapsed=73.4s
[rank 0] epoch= 770  step=  770  loss=7.0259  step_time=96.5ms  elapsed=74.3s
[rank 0] epoch= 780  step=  780  loss=6.9186  step_time=96.5ms  elapsed=75.3s
[rank 0] epoch= 790  step=  790  loss=6.9391  step_time=96.4ms  elapsed=76.2s
[rank 0] epoch= 800  step=  800  loss=6.8957  step_time=96.4ms  elapsed=77.1s
[rank 0] epoch= 810  step=  810  loss=6.9736  step_time=96.3ms  elapsed=78.0s
[rank 0] epoch= 820  step=  820  loss=6.9030  step_time=96.3ms  elapsed=79.0s
[rank 0] epoch= 830  step=  830  loss=6.9464  step_time=96.3ms  elapsed=79.9s
[rank 0] epoch= 840  step=  840  loss=6.9231  step_time=96.2ms  elapsed=80.8s
[rank 0] epoch= 850  step=  850  loss=6.9849  step_time=96.2ms  elapsed=81.7s
[rank 0] epoch= 860  step=  860  loss=6.8264  step_time=96.1ms  elapsed=82.7s
[rank 0] epoch= 870  step=  870  loss=6.9077  step_time=96.1ms  elapsed=83.6s
[rank 0] epoch= 880  step=  880  loss=6.9031  step_time=96.0ms  elapsed=84.5s
[rank 0] epoch= 890  step=  890  loss=6.9012  step_time=96.0ms  elapsed=85.4s
[rank 0] epoch= 900  step=  900  loss=6.9191  step_time=96.0ms  elapsed=86.4s
[rank 0] epoch= 910  step=  910  loss=6.9344  step_time=95.9ms  elapsed=87.3s
[rank 0] epoch= 920  step=  920  loss=6.9114  step_time=95.9ms  elapsed=88.2s
[rank 0] epoch= 930  step=  930  loss=6.8712  step_time=95.9ms  elapsed=89.2s
[rank 0] epoch= 940  step=  940  loss=6.9564  step_time=95.8ms  elapsed=90.1s
[rank 0] epoch= 950  step=  950  loss=6.8935  step_time=95.8ms  elapsed=91.0s
[rank 0] epoch= 960  step=  960  loss=6.9181  step_time=95.8ms  elapsed=91.9s
[rank 0] epoch= 970  step=  970  loss=6.9571  step_time=95.7ms  elapsed=92.9s
[rank 0] epoch= 980  step=  980  loss=6.9349  step_time=95.7ms  elapsed=93.8s
[rank 0] epoch= 990  step=  990  loss=6.9142  step_time=95.7ms  elapsed=94.7s
[rank 0] Training complete. Total steps: 999  Time: 95.5s
[g8.hpc.coe] Done.
