[g4.hpc.coe] Poller started with PID 24042
[INFO] Writing telemetry to /home/018291533/lens_poc/results/28818/telemetry_g4.hpc.coe_28818.csv
[INFO] Poller started on g4.hpc.coe | IB=mlx4_0:1 | interval=0.5s
[rank 0/3] Initializing DDP on g4:29500
[rank 0] Using device: cuda:0
[rank 0] Starting training loop (batch=16, epochs=999)
[rank 0] epoch=  10  step=   10  loss=6.8537  step_time=205.4ms  elapsed=2.1s
[rank 0] epoch=  20  step=   20  loss=6.9182  step_time=129.6ms  elapsed=2.6s
[rank 0] epoch=  30  step=   30  loss=6.9830  step_time=117.3ms  elapsed=3.5s
[rank 0] epoch=  40  step=   40  loss=6.8911  step_time=111.1ms  elapsed=4.4s
[rank 0] epoch=  50  step=   50  loss=7.0194  step_time=107.4ms  elapsed=5.4s
[rank 0] epoch=  60  step=   60  loss=6.8990  step_time=104.9ms  elapsed=6.3s
[rank 0] epoch=  70  step=   70  loss=6.8813  step_time=103.1ms  elapsed=7.2s
[rank 0] epoch=  80  step=   80  loss=6.9808  step_time=101.8ms  elapsed=8.1s
[rank 0] epoch=  90  step=   90  loss=6.8400  step_time=100.8ms  elapsed=9.1s
[rank 0] epoch= 100  step=  100  loss=6.9585  step_time=100.0ms  elapsed=10.0s
[rank 0] epoch= 110  step=  110  loss=6.7910  step_time=99.3ms  elapsed=10.9s
[rank 0] epoch= 120  step=  120  loss=6.9442  step_time=98.7ms  elapsed=11.8s
[rank 0] epoch= 130  step=  130  loss=6.8096  step_time=98.2ms  elapsed=12.8s
[rank 0] epoch= 140  step=  140  loss=6.8882  step_time=97.8ms  elapsed=13.7s
[rank 0] epoch= 150  step=  150  loss=7.1209  step_time=97.5ms  elapsed=14.6s
[rank 0] epoch= 160  step=  160  loss=7.0612  step_time=97.2ms  elapsed=15.5s
[rank 0] epoch= 170  step=  170  loss=7.0080  step_time=96.9ms  elapsed=16.5s
[rank 0] epoch= 180  step=  180  loss=6.7929  step_time=96.7ms  elapsed=17.4s
[rank 0] epoch= 190  step=  190  loss=6.8961  step_time=96.4ms  elapsed=18.3s
[rank 0] epoch= 200  step=  200  loss=6.8566  step_time=96.3ms  elapsed=19.3s
[rank 0] epoch= 210  step=  210  loss=7.0999  step_time=96.1ms  elapsed=20.2s
[rank 0] epoch= 220  step=  220  loss=6.9979  step_time=95.9ms  elapsed=21.1s
[rank 0] epoch= 230  step=  230  loss=6.9026  step_time=95.8ms  elapsed=22.0s
[rank 0] epoch= 240  step=  240  loss=6.8748  step_time=95.6ms  elapsed=23.0s
[rank 0] epoch= 250  step=  250  loss=7.0201  step_time=95.5ms  elapsed=23.9s
[rank 0] epoch= 260  step=  260  loss=6.9945  step_time=95.4ms  elapsed=24.8s
[rank 0] epoch= 270  step=  270  loss=6.9856  step_time=95.3ms  elapsed=25.7s
[rank 0] epoch= 280  step=  280  loss=7.0435  step_time=95.2ms  elapsed=26.7s
[rank 0] epoch= 290  step=  290  loss=6.9771  step_time=95.1ms  elapsed=27.6s
[rank 0] epoch= 300  step=  300  loss=6.9177  step_time=95.0ms  elapsed=28.5s
[rank 0] epoch= 310  step=  310  loss=6.9717  step_time=94.9ms  elapsed=29.4s
[rank 0] epoch= 320  step=  320  loss=6.9525  step_time=94.9ms  elapsed=30.4s
[rank 0] epoch= 330  step=  330  loss=6.9946  step_time=94.8ms  elapsed=31.3s
[rank 0] epoch= 340  step=  340  loss=6.9678  step_time=94.7ms  elapsed=32.2s
[rank 0] epoch= 350  step=  350  loss=6.8307  step_time=94.7ms  elapsed=33.1s
[rank 0] epoch= 360  step=  360  loss=6.8761  step_time=94.6ms  elapsed=34.1s
[rank 0] epoch= 370  step=  370  loss=6.8604  step_time=94.5ms  elapsed=35.0s
[rank 0] epoch= 380  step=  380  loss=6.9428  step_time=94.5ms  elapsed=35.9s
[rank 0] epoch= 390  step=  390  loss=6.9460  step_time=94.4ms  elapsed=36.8s
[rank 0] epoch= 400  step=  400  loss=6.9507  step_time=94.4ms  elapsed=37.8s
[rank 0] epoch= 410  step=  410  loss=6.9819  step_time=94.4ms  elapsed=38.7s
[rank 0] epoch= 420  step=  420  loss=7.0002  step_time=94.3ms  elapsed=39.6s
[rank 0] epoch= 430  step=  430  loss=6.9879  step_time=94.3ms  elapsed=40.5s
[rank 0] epoch= 440  step=  440  loss=6.7958  step_time=94.2ms  elapsed=41.5s
[rank 0] epoch= 450  step=  450  loss=6.9537  step_time=94.2ms  elapsed=42.4s
[rank 0] epoch= 460  step=  460  loss=7.0489  step_time=94.2ms  elapsed=43.3s
[rank 0] epoch= 470  step=  470  loss=6.9030  step_time=94.1ms  elapsed=44.2s
[rank 0] epoch= 480  step=  480  loss=6.9682  step_time=94.1ms  elapsed=45.2s
[rank 0] epoch= 490  step=  490  loss=6.8983  step_time=94.1ms  elapsed=46.1s
[rank 0] epoch= 500  step=  500  loss=7.0058  step_time=94.0ms  elapsed=47.0s
[rank 0] epoch= 510  step=  510  loss=6.7951  step_time=94.0ms  elapsed=47.9s
[rank 0] epoch= 520  step=  520  loss=6.8616  step_time=94.0ms  elapsed=48.9s
[rank 0] epoch= 530  step=  530  loss=6.9779  step_time=93.9ms  elapsed=49.8s
[rank 0] epoch= 540  step=  540  loss=6.9498  step_time=93.9ms  elapsed=50.7s
[rank 0] epoch= 550  step=  550  loss=7.0438  step_time=93.9ms  elapsed=51.6s
[rank 0] epoch= 560  step=  560  loss=7.0362  step_time=93.9ms  elapsed=52.6s
[rank 0] epoch= 570  step=  570  loss=6.8164  step_time=93.8ms  elapsed=53.5s
[rank 0] epoch= 580  step=  580  loss=6.8378  step_time=93.8ms  elapsed=54.4s
[rank 0] epoch= 590  step=  590  loss=7.0361  step_time=93.8ms  elapsed=55.3s
[rank 0] epoch= 600  step=  600  loss=6.9716  step_time=93.8ms  elapsed=56.3s
[rank 0] epoch= 610  step=  610  loss=6.9906  step_time=93.8ms  elapsed=57.2s
[rank 0] epoch= 620  step=  620  loss=6.9798  step_time=93.7ms  elapsed=58.1s
[rank 0] epoch= 630  step=  630  loss=6.8921  step_time=93.7ms  elapsed=59.0s
[rank 0] epoch= 640  step=  640  loss=6.9420  step_time=93.7ms  elapsed=60.0s
[rank 0] epoch= 650  step=  650  loss=6.9109  step_time=93.7ms  elapsed=60.9s
[rank 0] epoch= 660  step=  660  loss=6.9871  step_time=93.7ms  elapsed=61.8s
[rank 0] epoch= 670  step=  670  loss=7.0160  step_time=93.6ms  elapsed=62.7s
[rank 0] epoch= 680  step=  680  loss=6.9213  step_time=93.6ms  elapsed=63.7s
[rank 0] epoch= 690  step=  690  loss=6.8910  step_time=93.6ms  elapsed=64.6s
[rank 0] epoch= 700  step=  700  loss=7.0327  step_time=93.6ms  elapsed=65.5s
[rank 0] epoch= 710  step=  710  loss=6.9855  step_time=93.6ms  elapsed=66.4s
[rank 0] epoch= 720  step=  720  loss=7.0340  step_time=93.6ms  elapsed=67.4s
[rank 0] epoch= 730  step=  730  loss=6.9643  step_time=93.6ms  elapsed=68.3s
[rank 0] epoch= 740  step=  740  loss=6.9078  step_time=93.5ms  elapsed=69.2s
[rank 0] epoch= 750  step=  750  loss=6.8923  step_time=93.5ms  elapsed=70.1s
[rank 0] epoch= 760  step=  760  loss=7.0063  step_time=93.5ms  elapsed=71.1s
[rank 0] epoch= 770  step=  770  loss=6.9741  step_time=93.5ms  elapsed=72.0s
[rank 0] epoch= 780  step=  780  loss=6.9504  step_time=93.5ms  elapsed=72.9s
[rank 0] epoch= 790  step=  790  loss=6.9458  step_time=93.5ms  elapsed=73.8s
[rank 0] epoch= 800  step=  800  loss=6.8938  step_time=93.5ms  elapsed=74.8s
[rank 0] epoch= 810  step=  810  loss=6.9407  step_time=93.5ms  elapsed=75.7s
[rank 0] epoch= 820  step=  820  loss=6.9298  step_time=93.4ms  elapsed=76.6s
[rank 0] epoch= 830  step=  830  loss=6.9431  step_time=93.4ms  elapsed=77.6s
[rank 0] epoch= 840  step=  840  loss=6.9414  step_time=93.4ms  elapsed=78.5s
[rank 0] epoch= 850  step=  850  loss=6.9259  step_time=93.4ms  elapsed=79.4s
[rank 0] epoch= 860  step=  860  loss=6.8885  step_time=93.4ms  elapsed=80.3s
[rank 0] epoch= 870  step=  870  loss=6.9403  step_time=93.4ms  elapsed=81.3s
[rank 0] epoch= 880  step=  880  loss=6.9129  step_time=93.4ms  elapsed=82.2s
[rank 0] epoch= 890  step=  890  loss=6.8834  step_time=93.4ms  elapsed=83.1s
[rank 0] epoch= 900  step=  900  loss=6.8647  step_time=93.4ms  elapsed=84.0s
[rank 0] epoch= 910  step=  910  loss=6.9553  step_time=93.4ms  elapsed=85.0s
[rank 0] epoch= 920  step=  920  loss=6.9093  step_time=93.3ms  elapsed=85.9s
[rank 0] epoch= 930  step=  930  loss=6.8979  step_time=93.3ms  elapsed=86.8s
[rank 0] epoch= 940  step=  940  loss=6.8708  step_time=93.3ms  elapsed=87.7s
[rank 0] epoch= 950  step=  950  loss=6.8952  step_time=93.3ms  elapsed=88.7s
[rank 0] epoch= 960  step=  960  loss=6.9733  step_time=93.3ms  elapsed=89.6s
[rank 0] epoch= 970  step=  970  loss=6.8862  step_time=93.3ms  elapsed=90.5s
[rank 0] epoch= 980  step=  980  loss=6.8698  step_time=93.3ms  elapsed=91.4s
[rank 0] epoch= 990  step=  990  loss=6.8842  step_time=93.3ms  elapsed=92.4s
[rank 0] Training complete. Total steps: 999  Time: 93.2s
[g4.hpc.coe] Done.
